+ date '+%c'
Wed Sep  4 16:38:58 2024
+ whoami
root
+ magisk -c
/data/adb/modules/BuiltIn-BusyBox/service.sh: line 18: magisk: not found
+ echo true
true
+ getprop ro.product.cpu.abi
arm64-v8a
+ getprop ro.product.cpu.abilist
arm64-v8a,armeabi-v7a,armeabi
+ BB=busybox
+ head -n 1
+ busybox
BusyBox v1.36.1-Magisk (2023-09-02 05:30:11 PDT) multi-call binary.
+ which busybox
+ BBBIN=/system/xbin/busybox
+ ls -lZ /system/xbin/busybox
lrwxrwxrwx    1 root     root     u:object_r:system_file:s0               24 Oct  3  1972 /system/xbin/busybox -> /data/adb/ap/bin/busybox
+ echo /system/xbin/busybox
+ sed 's,/busybox$,,'
+ BBDIR=/system/xbin
+ '[' -d /system/xbin ]
+ cd /system/xbin
+ pwd
/system/xbin
+ ls -la
+ cut -d ' ' -f 3
+ grep busybox
+ rev
+ grep ^lr.x
+ rev
[
[[
acpid
adjtimex
ar
arch
arp
arping
ascii
ash
awk
base32
base64
basename
bbconfig
beep
blkdiscard
blkid
blockdev
brctl
bunzip2
busybox
bzcat
bzip2
cal
cat
chat
chattr
chcon
chgrp
chmod
chown
chroot
chrt
chvt
cksum
clear
cmp
comm
conspy
cp
cpio
crc32
crond
crontab
cttyhack
cut
date
dc
dd
deallocvt
depmod
devmem
df
dhcprelay
diff
dirname
dmesg
dnsd
dnsdomainname
dos2unix
du
dumpkmap
dumpleases
echo
ed
egrep
eject
env
ether-wake
expand
expr
factor
fakeidentd
false
fatattr
fbset
fbsplash
fdflush
fdformat
fdisk
fgconsole
fgrep
find
findfs
flash_eraseall
flash_lock
flash_unlock
flock
fold
free
freeramdisk
fsck
fsck.minix
fsfreeze
fstrim
fsync
ftpd
ftpget
ftpput
fuser
getenforce
getopt
grep
groups
gunzip
gzip
hd
hdparm
head
hexdump
hexedit
hostname
httpd
hush
hwclock
id
ifconfig
ifdown
ifenslave
ifplugd
ifup
inetd
inotifyd
insmod
install
ionice
iostat
ip
ipaddr
ipcalc
ipcrm
ipcs
iplink
ipneigh
iproute
iprule
iptunnel
kbd_mode
kill
killall
killall5
klogd
less
link
ln
loadfont
loadkmap
logread
losetup
ls
lsattr
lsmod
lsof
lspci
lsscsi
lsusb
lzcat
lzma
lzop
lzopcat
makedevs
makemime
man
md5sum
mesg
microcom
mim
mkdir
mkdosfs
mke2fs
mkfifo
mkfs.ext2
mkfs.minix
mkfs.reiser
mkfs.vfat
mknod
mkswap
mktemp
modinfo
modprobe
more
mount
mountpoint
mpstat
mv
nameif
nanddump
nandwrite
nbd-client
nc
netstat
nice
nl
nmeter
nohup
nologin
nsenter
nslookup
nuke
od
openvt
partprobe
paste
patch
pgrep
pidof
ping
ping6
pipe_progress
pivot_root
pkill
pmap
popmaildir
poweroff
powertop
printenv
printf
ps
pscan
pstree
pwd
pwdx
raidautorun
rdate
rdev
readlink
readprofile
realpath
reboot
reformime
renice
reset
resize
resume
rev
rfkill
rm
rmdir
rmmod
route
rtcwake
run-init
run-parts
runcon
rx
script
scriptreplay
sed
seedrng
selinuxenabled
sendmail
seq
sestatus
setconsole
setenforce
setfattr
setfont
setkeycodes
setlogcons
setpriv
setserial
setsid
setuidgid
sh
sha1sum
sha256sum
sha3sum
sha512sum
showkey
shred
shuf
slattach
sleep
smemcap
sort
split
ssl_client
start-stop-daemon
stat
strings
stty
sum
svc
svok
swapoff
swapon
switch_root
sync
sysctl
syslogd
tac
tail
tar
tc
tcpsvd
tee
telnet
telnetd
test
tftp
tftpd
time
timeout
top
touch
tr
traceroute
traceroute6
tree
true
truncate
ts
tsort
tty
ttysize
tunctl
tune2fs
ubiattach
ubidetach
ubimkvol
ubirename
ubirmvol
ubirsvol
ubiupdatevol
udhcpc
udhcpc6
udhcpd
udpsvd
uevent
umount
uname
uncompress
unexpand
uniq
unix2dos
unlink
unlzma
unlzop
unshare
unxz
unzip
uptime
usleep
uudecode
uuencode
vconfig
vi
volname
watch
watchdog
wc
wget
which
whoami
whois
xargs
xxd
xz
xzcat
yes
zcat
zcip
+ wc -l
+ grep busybox+ 
ls -la
+ grep ^lr.x
363
+ TB=toybox
+ toybox --version
toybox 0.8.6-android
+ which toybox
+ TBBIN=/system/bin/toybox
+ ls -lZ /system/bin/toybox
-rwxr-xr-x    1 root     shell    u:object_r:toolbox_exec:s0          510392 Jan  1  2009 /system/bin/toybox
+ echo /system/bin/toybox
+ sed 's,/toybox$,,'
+ TBDIR=/system/bin
+ '[' -d /system/bin ]
+ cd /system/bin
+ pwd
/system/bin
+ grep toybox
+ rev
+ grep ^lr.x
+ rev
+ cut -d ' ' -f 3
+ ls -la
[
acpi
base64
basename
blockdev
cal
cat
chattr
chcon
chgrp
chmod
chown
chroot
chrt
cksum
clear
cmp
comm
cp
cpio
cut
date
dd
devmem
df
diff
dirname
dmesg
dos2unix
du
echo
egrep
env
expand
expr
fallocate
false
fgrep
file
find
flock
fmt
free
fsync
getconf
getenforce
grep
groups
gunzip
gzip
head
hostname
hwclock
i2cdetect
i2cdump
i2cget
i2cset
iconv
id
ifconfig
inotifyd
insmod
install
ionice
iorenice
kill
killall
ln
load_policy
log
logname
losetup
ls
lsattr
lsmod
lsof
lspci
lsusb
md5sum
microcom
mkdir
mkfifo
mknod
mkswap
mktemp
modinfo
more
mount
mountpoint
mv
nc
netcat
netstat
nice
nl
nohup
nproc
nsenter
od
paste
patch
pgrep
pidof
pkill
pmap
printenv
printf
ps
pwd
readelf
readlink
realpath
renice
restorecon
rm
rmdir
rmmod
rtcwake
runcon
sed
sendevent
seq
setenforce
setsid
sha1sum
sha224sum
sha256sum
sha384sum
sha512sum
sleep
sort
split
stat
strings
stty
swapoff
swapon
sync
sysctl
tac
tail
tar
taskset
tee
test
time
timeout
top
touch
tr
true
truncate
tty
uclampset
ulimit
umount
uname
uniq
unix2dos
unlink
unshare
uptime
usleep
uudecode
uuencode
uuidgen
vmstat
watch
wc
which
whoami
xargs
xxd
yes
zcat
+ ls -la
+ wc -l
+ grep ^lr.x
+ grep toybox
175
+ TBEXT=toybox-ext
+ toybox-ext --version
toybox 0.8.10
+ which toybox-ext
+ TBEXTBIN=/system/xbin/toybox-ext
+ ls -lZ /system/xbin/toybox-ext
lrwxrwxrwx    1 root     root     u:object_r:system_file:s0               39 Oct  3  1972 /system/xbin/toybox-ext -> /data/adb/modules/ToyBox-Ext/toybox-ext
+ sed 's,/toybox-ext$,,'
+ echo /system/xbin/toybox-ext
+ TBEXTDIR=/system/xbin
+ '[' /system/xbin '!=' /system/bin ]
+ '[' -d /system/xbin ]
+ cd /system/xbin
+ pwd
/system/xbin
+ ls -la
+ grep toybox
+ grep ^lr.x
+ + revcut
 -d ' ' -f 3
+ rev
acpi
bash
count
fallocate
file
fmt
fstype
getconf
getfattr
gpiodetect
gpiofind
gpioget
gpioinfo
gpioset
halt
help
host
i2cdetect
i2cdump
i2cget
i2cset
i2ctransfer
iconv
iorenice
iotop
linux32
logger
login
logname
mcookie
mix
mkpasswd
nbd-server
netcat
nproc
oneit
passwd
prlimit
pwgen
readahead
readelf
sha224sum
sha384sum
sntp
su
taskset
toybox
toybox-ext
toysh
uclampset
ulimit
unicode
uuidgen
vmstat
w
who
+ + grepgrep ^lr.x toybox

+ ls -la
+ wc -l
56
+ set +x
